decl - (-1, -1)
{ - (-1, -1)
int - (-1, -1)
id - 97
; - (-1, -1)
int - (-1, -1)
id - 98
; - (-1, -1)
int - (-1, -1)
id - 99
; - (-1, -1)
int - (-1, -1)
id - 26
= - (-1, -1)
const - 48
; - (-1, -1)
} - (-1, -1)
enddecl - (-1, -1)
start - (-1, -1)
{ - (-1, -1)
if - (-1, -1)
id - 97
> - (-1, -1)
{ - (-1, -1)
id - 26
= - (-1, -1)
id - 97
; - (-1, -1)
} - (-1, -1)
if - (-1, -1)
id - 98
> - (-1, -1)
{ - (-1, -1)
id - 26
= - (-1, -1)
id - 98
; - (-1, -1)
} - (-1, -1)
if - (-1, -1)
id - 99
> - (-1, -1)
{ - (-1, -1)
id - 26
= - (-1, -1)
id - 99
; - (-1, -1)
} - (-1, -1)
id - 26
; - (-1, -1)
} - (-1, -1)
end - (-1, -1)
